  Coursework3.cpp
e:\programming project\visual studio project\visual c# project\cpt205\cpt205coursework3\cpt205coursework3\coursework3.cpp(87): warning C4244: “参数”: 从“double”转换到“GLfloat”，可能丢失数据
e:\programming project\visual studio project\visual c# project\cpt205\cpt205coursework3\cpt205coursework3\coursework3.cpp(88): warning C4244: “参数”: 从“double”转换到“GLfloat”，可能丢失数据
e:\programming project\visual studio project\visual c# project\cpt205\cpt205coursework3\cpt205coursework3\coursework3.cpp(89): warning C4244: “参数”: 从“double”转换到“GLfloat”，可能丢失数据
e:\programming project\visual studio project\visual c# project\cpt205\cpt205coursework3\cpt205coursework3\coursework3.cpp(90): warning C4244: “参数”: 从“double”转换到“GLfloat”，可能丢失数据
e:\programming project\visual studio project\visual c# project\cpt205\cpt205coursework3\cpt205coursework3\coursework3.cpp(96): warning C4244: “参数”: 从“double”转换到“GLfloat”，可能丢失数据
e:\programming project\visual studio project\visual c# project\cpt205\cpt205coursework3\cpt205coursework3\coursework3.cpp(97): warning C4244: “参数”: 从“double”转换到“GLfloat”，可能丢失数据
e:\programming project\visual studio project\visual c# project\cpt205\cpt205coursework3\cpt205coursework3\coursework3.cpp(98): warning C4244: “参数”: 从“double”转换到“GLfloat”，可能丢失数据
e:\programming project\visual studio project\visual c# project\cpt205\cpt205coursework3\cpt205coursework3\coursework3.cpp(99): warning C4244: “参数”: 从“double”转换到“GLfloat”，可能丢失数据
e:\programming project\visual studio project\visual c# project\cpt205\cpt205coursework3\cpt205coursework3\coursework3.cpp(105): warning C4244: “参数”: 从“double”转换到“GLfloat”，可能丢失数据
e:\programming project\visual studio project\visual c# project\cpt205\cpt205coursework3\cpt205coursework3\coursework3.cpp(106): warning C4244: “参数”: 从“double”转换到“GLfloat”，可能丢失数据
e:\programming project\visual studio project\visual c# project\cpt205\cpt205coursework3\cpt205coursework3\coursework3.cpp(107): warning C4244: “参数”: 从“double”转换到“GLfloat”，可能丢失数据
e:\programming project\visual studio project\visual c# project\cpt205\cpt205coursework3\cpt205coursework3\coursework3.cpp(108): warning C4244: “参数”: 从“double”转换到“GLfloat”，可能丢失数据
e:\programming project\visual studio project\visual c# project\cpt205\cpt205coursework3\cpt205coursework3\coursework3.cpp(114): warning C4244: “参数”: 从“double”转换到“GLfloat”，可能丢失数据
e:\programming project\visual studio project\visual c# project\cpt205\cpt205coursework3\cpt205coursework3\coursework3.cpp(115): warning C4244: “参数”: 从“double”转换到“GLfloat”，可能丢失数据
e:\programming project\visual studio project\visual c# project\cpt205\cpt205coursework3\cpt205coursework3\coursework3.cpp(116): warning C4244: “参数”: 从“double”转换到“GLfloat”，可能丢失数据
e:\programming project\visual studio project\visual c# project\cpt205\cpt205coursework3\cpt205coursework3\coursework3.cpp(117): warning C4244: “参数”: 从“double”转换到“GLfloat”，可能丢失数据
e:\programming project\visual studio project\visual c# project\cpt205\cpt205coursework3\cpt205coursework3\coursework3.cpp(123): warning C4244: “参数”: 从“double”转换到“GLfloat”，可能丢失数据
e:\programming project\visual studio project\visual c# project\cpt205\cpt205coursework3\cpt205coursework3\coursework3.cpp(124): warning C4244: “参数”: 从“double”转换到“GLfloat”，可能丢失数据
e:\programming project\visual studio project\visual c# project\cpt205\cpt205coursework3\cpt205coursework3\coursework3.cpp(125): warning C4244: “参数”: 从“double”转换到“GLfloat”，可能丢失数据
e:\programming project\visual studio project\visual c# project\cpt205\cpt205coursework3\cpt205coursework3\coursework3.cpp(126): warning C4244: “参数”: 从“double”转换到“GLfloat”，可能丢失数据
e:\programming project\visual studio project\visual c# project\cpt205\cpt205coursework3\cpt205coursework3\coursework3.cpp(132): warning C4244: “参数”: 从“double”转换到“GLfloat”，可能丢失数据
e:\programming project\visual studio project\visual c# project\cpt205\cpt205coursework3\cpt205coursework3\coursework3.cpp(133): warning C4244: “参数”: 从“double”转换到“GLfloat”，可能丢失数据
e:\programming project\visual studio project\visual c# project\cpt205\cpt205coursework3\cpt205coursework3\coursework3.cpp(134): warning C4244: “参数”: 从“double”转换到“GLfloat”，可能丢失数据
e:\programming project\visual studio project\visual c# project\cpt205\cpt205coursework3\cpt205coursework3\coursework3.cpp(135): warning C4244: “参数”: 从“double”转换到“GLfloat”，可能丢失数据
e:\programming project\visual studio project\visual c# project\cpt205\cpt205coursework3\cpt205coursework3\coursework3.cpp(166): warning C4244: “参数”: 从“int”转换到“GLfloat”，可能丢失数据
e:\programming project\visual studio project\visual c# project\cpt205\cpt205coursework3\cpt205coursework3\coursework3.cpp(216): warning C4244: “参数”: 从“int”转换到“GLfloat”，可能丢失数据
e:\programming project\visual studio project\visual c# project\cpt205\cpt205coursework3\cpt205coursework3\coursework3.cpp(217): warning C4244: “参数”: 从“double”转换到“GLfloat”，可能丢失数据
e:\programming project\visual studio project\visual c# project\cpt205\cpt205coursework3\cpt205coursework3\coursework3.cpp(226): warning C4305: “参数”: 从“double”到“GLfloat”截断
e:\programming project\visual studio project\visual c# project\cpt205\cpt205coursework3\cpt205coursework3\coursework3.cpp(241): warning C4305: “参数”: 从“double”到“GLfloat”截断
e:\programming project\visual studio project\visual c# project\cpt205\cpt205coursework3\cpt205coursework3\coursework3.cpp(248): warning C4305: “参数”: 从“double”到“GLfloat”截断
e:\programming project\visual studio project\visual c# project\cpt205\cpt205coursework3\cpt205coursework3\coursework3.cpp(337): warning C4305: “参数”: 从“double”到“GLfloat”截断
e:\programming project\visual studio project\visual c# project\cpt205\cpt205coursework3\cpt205coursework3\coursework3.cpp(341): warning C4305: “参数”: 从“double”到“GLfloat”截断
e:\programming project\visual studio project\visual c# project\cpt205\cpt205coursework3\cpt205coursework3\coursework3.cpp(356): warning C4305: “参数”: 从“double”到“GLfloat”截断
e:\programming project\visual studio project\visual c# project\cpt205\cpt205coursework3\cpt205coursework3\coursework3.cpp(360): warning C4305: “参数”: 从“double”到“GLfloat”截断
e:\programming project\visual studio project\visual c# project\cpt205\cpt205coursework3\cpt205coursework3\coursework3.cpp(375): warning C4305: “参数”: 从“double”到“GLfloat”截断
e:\programming project\visual studio project\visual c# project\cpt205\cpt205coursework3\cpt205coursework3\coursework3.cpp(379): warning C4305: “参数”: 从“double”到“GLfloat”截断
e:\programming project\visual studio project\visual c# project\cpt205\cpt205coursework3\cpt205coursework3\coursework3.cpp(394): warning C4305: “参数”: 从“double”到“GLfloat”截断
e:\programming project\visual studio project\visual c# project\cpt205\cpt205coursework3\cpt205coursework3\coursework3.cpp(398): warning C4305: “参数”: 从“double”到“GLfloat”截断
e:\programming project\visual studio project\visual c# project\cpt205\cpt205coursework3\cpt205coursework3\coursework3.cpp(416): warning C4305: “参数”: 从“double”到“GLfloat”截断
e:\programming project\visual studio project\visual c# project\cpt205\cpt205coursework3\cpt205coursework3\coursework3.cpp(418): warning C4244: “参数”: 从“double”转换到“GLfloat”，可能丢失数据
e:\programming project\visual studio project\visual c# project\cpt205\cpt205coursework3\cpt205coursework3\coursework3.cpp(428): warning C4244: “参数”: 从“int”转换到“GLfloat”，可能丢失数据
e:\programming project\visual studio project\visual c# project\cpt205\cpt205coursework3\cpt205coursework3\coursework3.cpp(430): warning C4305: “参数”: 从“double”到“GLfloat”截断
e:\programming project\visual studio project\visual c# project\cpt205\cpt205coursework3\cpt205coursework3\coursework3.cpp(434): warning C4305: “参数”: 从“double”到“GLfloat”截断
e:\programming project\visual studio project\visual c# project\cpt205\cpt205coursework3\cpt205coursework3\coursework3.cpp(442): warning C4244: “参数”: 从“double”转换到“GLfloat”，可能丢失数据
e:\programming project\visual studio project\visual c# project\cpt205\cpt205coursework3\cpt205coursework3\coursework3.cpp(450): warning C4244: “参数”: 从“double”转换到“GLfloat”，可能丢失数据
e:\programming project\visual studio project\visual c# project\cpt205\cpt205coursework3\cpt205coursework3\coursework3.cpp(458): warning C4244: “参数”: 从“double”转换到“GLfloat”，可能丢失数据
e:\programming project\visual studio project\visual c# project\cpt205\cpt205coursework3\cpt205coursework3\coursework3.cpp(466): warning C4244: “参数”: 从“double”转换到“GLfloat”，可能丢失数据
e:\programming project\visual studio project\visual c# project\cpt205\cpt205coursework3\cpt205coursework3\coursework3.cpp(478): warning C4244: “参数”: 从“int”转换到“GLfloat”，可能丢失数据
e:\programming project\visual studio project\visual c# project\cpt205\cpt205coursework3\cpt205coursework3\coursework3.cpp(480): warning C4305: “参数”: 从“double”到“GLfloat”截断
e:\programming project\visual studio project\visual c# project\cpt205\cpt205coursework3\cpt205coursework3\coursework3.cpp(484): warning C4305: “参数”: 从“double”到“GLfloat”截断
e:\programming project\visual studio project\visual c# project\cpt205\cpt205coursework3\cpt205coursework3\coursework3.cpp(492): warning C4244: “参数”: 从“double”转换到“GLfloat”，可能丢失数据
e:\programming project\visual studio project\visual c# project\cpt205\cpt205coursework3\cpt205coursework3\coursework3.cpp(500): warning C4244: “参数”: 从“double”转换到“GLfloat”，可能丢失数据
e:\programming project\visual studio project\visual c# project\cpt205\cpt205coursework3\cpt205coursework3\coursework3.cpp(508): warning C4244: “参数”: 从“double”转换到“GLfloat”，可能丢失数据
e:\programming project\visual studio project\visual c# project\cpt205\cpt205coursework3\cpt205coursework3\coursework3.cpp(516): warning C4244: “参数”: 从“double”转换到“GLfloat”，可能丢失数据
e:\programming project\visual studio project\visual c# project\cpt205\cpt205coursework3\cpt205coursework3\coursework3.cpp(623): warning C4305: “参数”: 从“double”到“GLfloat”截断
e:\programming project\visual studio project\visual c# project\cpt205\cpt205coursework3\cpt205coursework3\coursework3.cpp(624): warning C4305: “参数”: 从“double”到“GLfloat”截断
e:\programming project\visual studio project\visual c# project\cpt205\cpt205coursework3\cpt205coursework3\coursework3.cpp(625): warning C4305: “参数”: 从“double”到“GLfloat”截断
e:\programming project\visual studio project\visual c# project\cpt205\cpt205coursework3\cpt205coursework3\coursework3.cpp(628): warning C4305: “参数”: 从“double”到“GLfloat”截断
e:\programming project\visual studio project\visual c# project\cpt205\cpt205coursework3\cpt205coursework3\coursework3.cpp(629): warning C4305: “参数”: 从“double”到“GLfloat”截断
e:\programming project\visual studio project\visual c# project\cpt205\cpt205coursework3\cpt205coursework3\coursework3.cpp(630): warning C4305: “参数”: 从“double”到“GLfloat”截断
e:\programming project\visual studio project\visual c# project\cpt205\cpt205coursework3\cpt205coursework3\coursework3.cpp(631): warning C4305: “参数”: 从“double”到“GLfloat”截断
e:\programming project\visual studio project\visual c# project\cpt205\cpt205coursework3\cpt205coursework3\coursework3.cpp(634): warning C4305: “参数”: 从“double”到“GLfloat”截断
e:\programming project\visual studio project\visual c# project\cpt205\cpt205coursework3\cpt205coursework3\coursework3.cpp(635): warning C4305: “参数”: 从“double”到“GLfloat”截断
e:\programming project\visual studio project\visual c# project\cpt205\cpt205coursework3\cpt205coursework3\coursework3.cpp(636): warning C4305: “参数”: 从“double”到“GLfloat”截断
e:\programming project\visual studio project\visual c# project\cpt205\cpt205coursework3\cpt205coursework3\coursework3.cpp(637): warning C4305: “参数”: 从“double”到“GLfloat”截断
e:\programming project\visual studio project\visual c# project\cpt205\cpt205coursework3\cpt205coursework3\coursework3.cpp(640): warning C4305: “参数”: 从“double”到“GLfloat”截断
e:\programming project\visual studio project\visual c# project\cpt205\cpt205coursework3\cpt205coursework3\coursework3.cpp(641): warning C4305: “参数”: 从“double”到“GLfloat”截断
e:\programming project\visual studio project\visual c# project\cpt205\cpt205coursework3\cpt205coursework3\coursework3.cpp(642): warning C4305: “参数”: 从“double”到“GLfloat”截断
e:\programming project\visual studio project\visual c# project\cpt205\cpt205coursework3\cpt205coursework3\coursework3.cpp(643): warning C4305: “参数”: 从“double”到“GLfloat”截断
e:\programming project\visual studio project\visual c# project\cpt205\cpt205coursework3\cpt205coursework3\coursework3.cpp(646): warning C4305: “参数”: 从“double”到“GLfloat”截断
e:\programming project\visual studio project\visual c# project\cpt205\cpt205coursework3\cpt205coursework3\coursework3.cpp(647): warning C4305: “参数”: 从“double”到“GLfloat”截断
e:\programming project\visual studio project\visual c# project\cpt205\cpt205coursework3\cpt205coursework3\coursework3.cpp(648): warning C4305: “参数”: 从“double”到“GLfloat”截断
e:\programming project\visual studio project\visual c# project\cpt205\cpt205coursework3\cpt205coursework3\coursework3.cpp(652): warning C4305: “参数”: 从“double”到“GLfloat”截断
e:\programming project\visual studio project\visual c# project\cpt205\cpt205coursework3\cpt205coursework3\coursework3.cpp(655): warning C4305: “参数”: 从“double”到“GLfloat”截断
e:\programming project\visual studio project\visual c# project\cpt205\cpt205coursework3\cpt205coursework3\coursework3.cpp(735): warning C4838: 从“double”转换到“GLfloat”需要收缩转换
e:\programming project\visual studio project\visual c# project\cpt205\cpt205coursework3\cpt205coursework3\coursework3.cpp(735): warning C4244: “初始化”: 从“double”转换到“GLfloat”，可能丢失数据
e:\programming project\visual studio project\visual c# project\cpt205\cpt205coursework3\cpt205coursework3\coursework3.cpp(736): warning C4305: “初始化”: 从“double”到“GLfloat”截断
e:\programming project\visual studio project\visual c# project\cpt205\cpt205coursework3\cpt205coursework3\coursework3.cpp(737): warning C4305: “初始化”: 从“double”到“GLfloat”截断
e:\programming project\visual studio project\visual c# project\cpt205\cpt205coursework3\cpt205coursework3\coursework3.cpp(822): warning C4244: “-=”: 从“double”转换到“float”，可能丢失数据
e:\programming project\visual studio project\visual c# project\cpt205\cpt205coursework3\cpt205coursework3\coursework3.cpp(823): warning C4244: “-=”: 从“double”转换到“float”，可能丢失数据
e:\programming project\visual studio project\visual c# project\cpt205\cpt205coursework3\cpt205coursework3\coursework3.cpp(824): warning C4244: “-=”: 从“double”转换到“float”，可能丢失数据
e:\programming project\visual studio project\visual c# project\cpt205\cpt205coursework3\cpt205coursework3\coursework3.cpp(828): warning C4244: “+=”: 从“double”转换到“float”，可能丢失数据
e:\programming project\visual studio project\visual c# project\cpt205\cpt205coursework3\cpt205coursework3\coursework3.cpp(829): warning C4244: “+=”: 从“double”转换到“float”，可能丢失数据
e:\programming project\visual studio project\visual c# project\cpt205\cpt205coursework3\cpt205coursework3\coursework3.cpp(830): warning C4244: “+=”: 从“double”转换到“float”，可能丢失数据
e:\programming project\visual studio project\visual c# project\cpt205\cpt205coursework3\cpt205coursework3\coursework3.cpp(873): warning C4244: “=”: 从“double”转换到“GLfloat”，可能丢失数据
e:\programming project\visual studio project\visual c# project\cpt205\cpt205coursework3\cpt205coursework3\coursework3.cpp(874): warning C4244: “=”: 从“double”转换到“GLfloat”，可能丢失数据
e:\programming project\visual studio project\visual c# project\cpt205\cpt205coursework3\cpt205coursework3\coursework3.cpp(881): warning C4244: “初始化”: 从“double”转换到“GLint”，可能丢失数据
e:\programming project\visual studio project\visual c# project\cpt205\cpt205coursework3\cpt205coursework3\coursework3.cpp(882): warning C4244: “初始化”: 从“double”转换到“GLint”，可能丢失数据
e:\programming project\visual studio project\visual c# project\cpt205\cpt205coursework3\cpt205coursework3\coursework3.cpp(885): warning C4244: “=”: 从“double”转换到“GLfloat”，可能丢失数据
e:\programming project\visual studio project\visual c# project\cpt205\cpt205coursework3\cpt205coursework3\coursework3.cpp(886): warning C4244: “=”: 从“double”转换到“GLfloat”，可能丢失数据
  CPT205Coursework3.vcxproj -> E:\Programming Project\Visual Studio Project\Visual C# Project\CPT205\CPT205Coursework3\x64\Debug\CPT205Coursework3.exe
