  birthdayCard.cpp
e:\programming project\visual studio project\visual c# project\cpt205\cpt205coursework1\birthdaycard\birthdaycard\birthdaycard.cpp(13): warning C4305: “初始化”: 从“double”到“float”截断
e:\programming project\visual studio project\visual c# project\cpt205\cpt205coursework1\birthdaycard\birthdaycard\birthdaycard.cpp(89): warning C4244: “=”: 从“double”转换到“float”，可能丢失数据
e:\programming project\visual studio project\visual c# project\cpt205\cpt205coursework1\birthdaycard\birthdaycard\birthdaycard.cpp(94): warning C4244: “=”: 从“double”转换到“float”，可能丢失数据
e:\programming project\visual studio project\visual c# project\cpt205\cpt205coursework1\birthdaycard\birthdaycard\birthdaycard.cpp(147): warning C4305: “参数”: 从“double”到“GLclampf”截断
e:\programming project\visual studio project\visual c# project\cpt205\cpt205coursework1\birthdaycard\birthdaycard\birthdaycard.cpp(182): warning C4244: “参数”: 从“int”转换到“GLfloat”，可能丢失数据
e:\programming project\visual studio project\visual c# project\cpt205\cpt205coursework1\birthdaycard\birthdaycard\birthdaycard.cpp(183): warning C4244: “参数”: 从“int”转换到“GLfloat”，可能丢失数据
e:\programming project\visual studio project\visual c# project\cpt205\cpt205coursework1\birthdaycard\birthdaycard\birthdaycard.cpp(184): warning C4244: “参数”: 从“int”转换到“GLfloat”，可能丢失数据
e:\programming project\visual studio project\visual c# project\cpt205\cpt205coursework1\birthdaycard\birthdaycard\birthdaycard.cpp(185): warning C4244: “参数”: 从“int”转换到“GLfloat”，可能丢失数据
e:\programming project\visual studio project\visual c# project\cpt205\cpt205coursework1\birthdaycard\birthdaycard\birthdaycard.cpp(196): warning C4244: “参数”: 从“double”转换到“GLfloat”，可能丢失数据
e:\programming project\visual studio project\visual c# project\cpt205\cpt205coursework1\birthdaycard\birthdaycard\birthdaycard.cpp(210): warning C4244: “参数”: 从“int”转换到“GLfloat”，可能丢失数据
e:\programming project\visual studio project\visual c# project\cpt205\cpt205coursework1\birthdaycard\birthdaycard\birthdaycard.cpp(211): warning C4244: “参数”: 从“int”转换到“GLfloat”，可能丢失数据
e:\programming project\visual studio project\visual c# project\cpt205\cpt205coursework1\birthdaycard\birthdaycard\birthdaycard.cpp(212): warning C4244: “参数”: 从“int”转换到“GLfloat”，可能丢失数据
e:\programming project\visual studio project\visual c# project\cpt205\cpt205coursework1\birthdaycard\birthdaycard\birthdaycard.cpp(213): warning C4244: “参数”: 从“int”转换到“GLfloat”，可能丢失数据
e:\programming project\visual studio project\visual c# project\cpt205\cpt205coursework1\birthdaycard\birthdaycard\birthdaycard.cpp(221): warning C4305: “参数”: 从“double”到“GLfloat”截断
e:\programming project\visual studio project\visual c# project\cpt205\cpt205coursework1\birthdaycard\birthdaycard\birthdaycard.cpp(225): warning C4244: “参数”: 从“int”转换到“GLfloat”，可能丢失数据
e:\programming project\visual studio project\visual c# project\cpt205\cpt205coursework1\birthdaycard\birthdaycard\birthdaycard.cpp(226): warning C4244: “参数”: 从“int”转换到“GLfloat”，可能丢失数据
e:\programming project\visual studio project\visual c# project\cpt205\cpt205coursework1\birthdaycard\birthdaycard\birthdaycard.cpp(227): warning C4244: “参数”: 从“int”转换到“GLfloat”，可能丢失数据
e:\programming project\visual studio project\visual c# project\cpt205\cpt205coursework1\birthdaycard\birthdaycard\birthdaycard.cpp(228): warning C4244: “参数”: 从“int”转换到“GLfloat”，可能丢失数据
e:\programming project\visual studio project\visual c# project\cpt205\cpt205coursework1\birthdaycard\birthdaycard\birthdaycard.cpp(241): warning C4244: “参数”: 从“double”转换到“GLfloat”，可能丢失数据
e:\programming project\visual studio project\visual c# project\cpt205\cpt205coursework1\birthdaycard\birthdaycard\birthdaycard.cpp(249): warning C4244: “参数”: 从“double”转换到“GLfloat”，可能丢失数据
e:\programming project\visual studio project\visual c# project\cpt205\cpt205coursework1\birthdaycard\birthdaycard\birthdaycard.cpp(256): warning C4244: “参数”: 从“double”转换到“GLfloat”，可能丢失数据
e:\programming project\visual studio project\visual c# project\cpt205\cpt205coursework1\birthdaycard\birthdaycard\birthdaycard.cpp(257): warning C4244: “参数”: 从“double”转换到“GLfloat”，可能丢失数据
e:\programming project\visual studio project\visual c# project\cpt205\cpt205coursework1\birthdaycard\birthdaycard\birthdaycard.cpp(258): warning C4244: “参数”: 从“double”转换到“GLfloat”，可能丢失数据
e:\programming project\visual studio project\visual c# project\cpt205\cpt205coursework1\birthdaycard\birthdaycard\birthdaycard.cpp(263): warning C4244: “参数”: 从“double”转换到“GLfloat”，可能丢失数据
e:\programming project\visual studio project\visual c# project\cpt205\cpt205coursework1\birthdaycard\birthdaycard\birthdaycard.cpp(264): warning C4244: “参数”: 从“double”转换到“GLfloat”，可能丢失数据
e:\programming project\visual studio project\visual c# project\cpt205\cpt205coursework1\birthdaycard\birthdaycard\birthdaycard.cpp(265): warning C4244: “参数”: 从“double”转换到“GLfloat”，可能丢失数据
e:\programming project\visual studio project\visual c# project\cpt205\cpt205coursework1\birthdaycard\birthdaycard\birthdaycard.cpp(274): warning C4244: “参数”: 从“double”转换到“GLfloat”，可能丢失数据
e:\programming project\visual studio project\visual c# project\cpt205\cpt205coursework1\birthdaycard\birthdaycard\birthdaycard.cpp(281): warning C4244: “参数”: 从“double”转换到“GLfloat”，可能丢失数据
e:\programming project\visual studio project\visual c# project\cpt205\cpt205coursework1\birthdaycard\birthdaycard\birthdaycard.cpp(288): warning C4244: “参数”: 从“double”转换到“GLfloat”，可能丢失数据
e:\programming project\visual studio project\visual c# project\cpt205\cpt205coursework1\birthdaycard\birthdaycard\birthdaycard.cpp(295): warning C4244: “参数”: 从“double”转换到“GLfloat”，可能丢失数据
e:\programming project\visual studio project\visual c# project\cpt205\cpt205coursework1\birthdaycard\birthdaycard\birthdaycard.cpp(319): warning C4244: “参数”: 从“double”转换到“GLfloat”，可能丢失数据
e:\programming project\visual studio project\visual c# project\cpt205\cpt205coursework1\birthdaycard\birthdaycard\birthdaycard.cpp(326): warning C4244: “参数”: 从“double”转换到“GLfloat”，可能丢失数据
e:\programming project\visual studio project\visual c# project\cpt205\cpt205coursework1\birthdaycard\birthdaycard\birthdaycard.cpp(335): warning C4244: “参数”: 从“double”转换到“GLfloat”，可能丢失数据
e:\programming project\visual studio project\visual c# project\cpt205\cpt205coursework1\birthdaycard\birthdaycard\birthdaycard.cpp(343): warning C4244: “参数”: 从“double”转换到“GLfloat”，可能丢失数据
e:\programming project\visual studio project\visual c# project\cpt205\cpt205coursework1\birthdaycard\birthdaycard\birthdaycard.cpp(353): warning C4244: “参数”: 从“int”转换到“GLfloat”，可能丢失数据
e:\programming project\visual studio project\visual c# project\cpt205\cpt205coursework1\birthdaycard\birthdaycard\birthdaycard.cpp(365): warning C4244: “参数”: 从“double”转换到“GLfloat”，可能丢失数据
e:\programming project\visual studio project\visual c# project\cpt205\cpt205coursework1\birthdaycard\birthdaycard\birthdaycard.cpp(375): warning C4244: “参数”: 从“int”转换到“GLfloat”，可能丢失数据
e:\programming project\visual studio project\visual c# project\cpt205\cpt205coursework1\birthdaycard\birthdaycard\birthdaycard.cpp(386): warning C4244: “参数”: 从“double”转换到“GLfloat”，可能丢失数据
e:\programming project\visual studio project\visual c# project\cpt205\cpt205coursework1\birthdaycard\birthdaycard\birthdaycard.cpp(396): warning C4244: “参数”: 从“int”转换到“GLfloat”，可能丢失数据
e:\programming project\visual studio project\visual c# project\cpt205\cpt205coursework1\birthdaycard\birthdaycard\birthdaycard.cpp(407): warning C4244: “参数”: 从“double”转换到“GLfloat”，可能丢失数据
e:\programming project\visual studio project\visual c# project\cpt205\cpt205coursework1\birthdaycard\birthdaycard\birthdaycard.cpp(423): warning C4244: “参数”: 从“double”转换到“GLfloat”，可能丢失数据
e:\programming project\visual studio project\visual c# project\cpt205\cpt205coursework1\birthdaycard\birthdaycard\birthdaycard.cpp(430): warning C4244: “参数”: 从“double”转换到“GLfloat”，可能丢失数据
e:\programming project\visual studio project\visual c# project\cpt205\cpt205coursework1\birthdaycard\birthdaycard\birthdaycard.cpp(431): warning C4244: “参数”: 从“double”转换到“GLfloat”，可能丢失数据
e:\programming project\visual studio project\visual c# project\cpt205\cpt205coursework1\birthdaycard\birthdaycard\birthdaycard.cpp(439): warning C4244: “参数”: 从“int”转换到“GLfloat”，可能丢失数据
e:\programming project\visual studio project\visual c# project\cpt205\cpt205coursework1\birthdaycard\birthdaycard\birthdaycard.cpp(450): warning C4244: “参数”: 从“int”转换到“GLfloat”，可能丢失数据
e:\programming project\visual studio project\visual c# project\cpt205\cpt205coursework1\birthdaycard\birthdaycard\birthdaycard.cpp(484): warning C4244: “参数”: 从“double”转换到“GLfloat”，可能丢失数据
  birthdayCard.vcxproj -> E:\Programming Project\Visual Studio Project\Visual C# Project\CPT205\CPT205Coursework1\birthdayCard\x64\Debug\birthdayCard.exe
